\BOOKMARK [1][-]{section.1}{Background}{}% 1
\BOOKMARK [2][-]{subsection.1.1}{Related Work}{section.1}% 2
\BOOKMARK [3][-]{subsubsection.1.1.1}{Game Theory}{subsection.1.1}% 3
\BOOKMARK [3][-]{subsubsection.1.1.2}{Expert Systems}{subsection.1.1}% 4
\BOOKMARK [3][-]{subsubsection.1.1.3}{Opponent Modeling}{subsection.1.1}% 5
\BOOKMARK [3][-]{subsubsection.1.1.4}{Search Trees}{subsection.1.1}% 6
\BOOKMARK [2][-]{subsection.1.2}{Monte Carlo Methods}{section.1}% 7
\BOOKMARK [1][-]{section.2}{Theory}{}% 8
\BOOKMARK [2][-]{subsection.2.1}{Texas Hold'em no Limit}{section.2}% 9
\BOOKMARK [3][-]{subsubsection.2.1.1}{Main Concept}{subsection.2.1}% 10
\BOOKMARK [3][-]{subsubsection.2.1.2}{The Game Stages}{subsection.2.1}% 11
\BOOKMARK [2][-]{subsection.2.2}{Characteristics of a Poker Player}{section.2}% 12
\BOOKMARK [2][-]{subsection.2.3}{Game Trees and the Motivation for Monte-Carlo Tree Search}{section.2}% 13
\BOOKMARK [1][-]{section.3}{Method}{}% 14
\BOOKMARK [2][-]{subsection.3.1}{Basic Game Engine}{section.3}% 15
\BOOKMARK [2][-]{subsection.3.2}{AI-techniques}{section.3}% 16
\BOOKMARK [3][-]{subsubsection.3.2.1}{Monte Carlo Tree Search}{subsection.3.2}% 17
\BOOKMARK [3][-]{subsubsection.3.2.2}{Hand Strength}{subsection.3.2}% 18
\BOOKMARK [3][-]{subsubsection.3.2.3}{Hand Potential}{subsection.3.2}% 19
\BOOKMARK [3][-]{subsubsection.3.2.4}{Effective Hand Strength}{subsection.3.2}% 20
\BOOKMARK [3][-]{subsubsection.3.2.5}{Bucketing}{subsection.3.2}% 21
\BOOKMARK [3][-]{subsubsection.3.2.6}{Randomness}{subsection.3.2}% 22
\BOOKMARK [2][-]{subsection.3.3}{Implementation}{section.3}% 23
\BOOKMARK [3][-]{subsubsection.3.3.1}{Main Design}{subsection.3.3}% 24
\BOOKMARK [3][-]{subsubsection.3.3.2}{Game}{subsection.3.3}% 25
\BOOKMARK [2][-]{subsection.3.4}{AI}{section.3}% 26
\BOOKMARK [1][-]{section.4}{Result}{}% 27
\BOOKMARK [2][-]{subsection.4.1}{The Game}{section.4}% 28
\BOOKMARK [2][-]{subsection.4.2}{AI}{section.4}% 29
\BOOKMARK [3][-]{subsubsection.4.2.1}{Monte Carlo + Hand Strength vs Human Player}{subsection.4.2}% 30
\BOOKMARK [1][-]{section.5}{Conclusion}{}% 31
\BOOKMARK [2][-]{subsection.5.1}{Evaluation of the Result}{section.5}% 32
\BOOKMARK [2][-]{subsection.5.2}{Future Work}{section.5}% 33
\BOOKMARK [3][-]{subsubsection.5.2.1}{Opponent Modeling}{subsection.5.2}% 34
\BOOKMARK [3][-]{subsubsection.5.2.2}{Speed}{subsection.5.2}% 35
\BOOKMARK [3][-]{subsubsection.5.2.3}{Evaluation Against Human Player}{subsection.5.2}% 36
\BOOKMARK [3][-]{subsubsection.5.2.4}{Add More Parameters in Move Decision}{subsection.5.2}% 37
